1648195683.475047 client started (14202): version 3.2a, socket /tmp/tmux-1000/default, protocol 8
1648195683.475061 on Linux 5.10.60.1-microsoft-standard-WSL2 #1 SMP Wed Aug 25 23:20:18 UTC 2021
1648195683.475063 using libevent 2.1.12-stable (poll); ncurses 6.3
1648195683.475071 flags are 0x18010000
1648195683.475073 socket is /tmp/tmux-1000/default
1648195683.475078 trying connect
1648195683.475123 add peer 0x1bd2a30: 6 ((nil))
1648195683.475294 sending message 100 to peer 0x1bd2a30 (4 bytes)
1648195683.475301 sending message 111 to peer 0x1bd2a30 (8 bytes)
1648195683.475303 sending message 101 to peer 0x1bd2a30 (15 bytes)
1648195683.475305 sending message 109 to peer 0x1bd2a30 (4 bytes)
1648195683.475307 sending message 102 to peer 0x1bd2a30 (11 bytes)
1648195683.475309 sending message 108 to peer 0x1bd2a30 (36 bytes)
1648195683.475311 sending message 112 to peer 0x1bd2a30 (58 bytes)
1648195683.475313 sending message 112 to peer 0x1bd2a30 (5 bytes)
1648195683.475314 sending message 112 to peer 0x1bd2a30 (5 bytes)
1648195683.475316 sending message 112 to peer 0x1bd2a30 (6 bytes)
1648195683.475318 sending message 112 to peer 0x1bd2a30 (6 bytes)
1648195683.475320 sending message 112 to peer 0x1bd2a30 (11 bytes)
1648195683.475321 sending message 112 to peer 0x1bd2a30 (10 bytes)
1648195683.475323 sending message 112 to peer 0x1bd2a30 (13 bytes)
1648195683.475325 sending message 112 to peer 0x1bd2a30 (14 bytes)
1648195683.475327 sending message 112 to peer 0x1bd2a30 (19 bytes)
1648195683.475329 sending message 112 to peer 0x1bd2a30 (11 bytes)
1648195683.475331 sending message 112 to peer 0x1bd2a30 (10 bytes)
1648195683.475332 sending message 112 to peer 0x1bd2a30 (15 bytes)
1648195683.475334 sending message 112 to peer 0x1bd2a30 (21 bytes)
1648195683.475336 sending message 112 to peer 0x1bd2a30 (13 bytes)
1648195683.475338 sending message 112 to peer 0x1bd2a30 (7 bytes)
1648195683.475340 sending message 112 to peer 0x1bd2a30 (13 bytes)
1648195683.475342 sending message 112 to peer 0x1bd2a30 (7 bytes)
1648195683.475343 sending message 112 to peer 0x1bd2a30 (13 bytes)
1648195683.475345 sending message 112 to peer 0x1bd2a30 (9 bytes)
1648195683.475347 sending message 112 to peer 0x1bd2a30 (21 bytes)
1648195683.475349 sending message 112 to peer 0x1bd2a30 (13 bytes)
1648195683.475351 sending message 112 to peer 0x1bd2a30 (9 bytes)
1648195683.475352 sending message 112 to peer 0x1bd2a30 (16 bytes)
1648195683.475354 sending message 112 to peer 0x1bd2a30 (13 bytes)
1648195683.475356 sending message 112 to peer 0x1bd2a30 (9 bytes)
1648195683.475358 sending message 112 to peer 0x1bd2a30 (9 bytes)
1648195683.475360 sending message 112 to peer 0x1bd2a30 (12 bytes)
1648195683.475361 sending message 112 to peer 0x1bd2a30 (8 bytes)
1648195683.475363 sending message 112 to peer 0x1bd2a30 (8 bytes)
1648195683.475365 sending message 112 to peer 0x1bd2a30 (13 bytes)
1648195683.475367 sending message 112 to peer 0x1bd2a30 (7 bytes)
1648195683.475369 sending message 112 to peer 0x1bd2a30 (7 bytes)
1648195683.475371 sending message 112 to peer 0x1bd2a30 (9 bytes)
1648195683.475372 sending message 112 to peer 0x1bd2a30 (9 bytes)
1648195683.475374 sending message 112 to peer 0x1bd2a30 (15 bytes)
1648195683.475376 sending message 112 to peer 0x1bd2a30 (13 bytes)
1648195683.475378 sending message 112 to peer 0x1bd2a30 (12 bytes)
1648195683.475380 sending message 112 to peer 0x1bd2a30 (8 bytes)
1648195683.475381 sending message 112 to peer 0x1bd2a30 (14 bytes)
1648195683.475383 sending message 112 to peer 0x1bd2a30 (11 bytes)
1648195683.475385 sending message 112 to peer 0x1bd2a30 (9 bytes)
1648195683.475387 sending message 112 to peer 0x1bd2a30 (10 bytes)
1648195683.475389 sending message 112 to peer 0x1bd2a30 (10 bytes)
1648195683.475391 sending message 112 to peer 0x1bd2a30 (10 bytes)
1648195683.475393 sending message 112 to peer 0x1bd2a30 (10 bytes)
1648195683.475395 sending message 112 to peer 0x1bd2a30 (11 bytes)
1648195683.475396 sending message 112 to peer 0x1bd2a30 (12 bytes)
1648195683.475398 sending message 112 to peer 0x1bd2a30 (12 bytes)
1648195683.475404 sending message 112 to peer 0x1bd2a30 (12 bytes)
1648195683.475406 sending message 112 to peer 0x1bd2a30 (12 bytes)
1648195683.475408 sending message 112 to peer 0x1bd2a30 (12 bytes)
1648195683.475410 sending message 112 to peer 0x1bd2a30 (11 bytes)
1648195683.475412 sending message 112 to peer 0x1bd2a30 (11 bytes)
1648195683.475413 sending message 112 to peer 0x1bd2a30 (12 bytes)
1648195683.475415 sending message 112 to peer 0x1bd2a30 (12 bytes)
1648195683.475417 sending message 112 to peer 0x1bd2a30 (12 bytes)
1648195683.475419 sending message 112 to peer 0x1bd2a30 (12 bytes)
1648195683.475421 sending message 112 to peer 0x1bd2a30 (12 bytes)
1648195683.475422 sending message 112 to peer 0x1bd2a30 (9 bytes)
1648195683.475424 sending message 112 to peer 0x1bd2a30 (12 bytes)
1648195683.475426 sending message 112 to peer 0x1bd2a30 (13 bytes)
1648195683.475428 sending message 112 to peer 0x1bd2a30 (13 bytes)
1648195683.475430 sending message 112 to peer 0x1bd2a30 (13 bytes)
1648195683.475432 sending message 112 to peer 0x1bd2a30 (13 bytes)
1648195683.475433 sending message 112 to peer 0x1bd2a30 (13 bytes)
1648195683.475435 sending message 112 to peer 0x1bd2a30 (8 bytes)
1648195683.475437 sending message 112 to peer 0x1bd2a30 (11 bytes)
1648195683.475439 sending message 112 to peer 0x1bd2a30 (11 bytes)
1648195683.475441 sending message 112 to peer 0x1bd2a30 (11 bytes)
1648195683.475443 sending message 112 to peer 0x1bd2a30 (12 bytes)
1648195683.475444 sending message 112 to peer 0x1bd2a30 (12 bytes)
1648195683.475446 sending message 112 to peer 0x1bd2a30 (12 bytes)
1648195683.475448 sending message 112 to peer 0x1bd2a30 (12 bytes)
1648195683.475450 sending message 112 to peer 0x1bd2a30 (13 bytes)
1648195683.475452 sending message 112 to peer 0x1bd2a30 (13 bytes)
1648195683.475453 sending message 112 to peer 0x1bd2a30 (13 bytes)
1648195683.475455 sending message 112 to peer 0x1bd2a30 (8 bytes)
1648195683.475457 sending message 112 to peer 0x1bd2a30 (13 bytes)
1648195683.475459 sending message 112 to peer 0x1bd2a30 (13 bytes)
1648195683.475461 sending message 112 to peer 0x1bd2a30 (13 bytes)
1648195683.475463 sending message 112 to peer 0x1bd2a30 (13 bytes)
1648195683.475465 sending message 112 to peer 0x1bd2a30 (13 bytes)
1648195683.475466 sending message 112 to peer 0x1bd2a30 (12 bytes)
1648195683.475468 sending message 112 to peer 0x1bd2a30 (12 bytes)
1648195683.475470 sending message 112 to peer 0x1bd2a30 (12 bytes)
1648195683.475472 sending message 112 to peer 0x1bd2a30 (12 bytes)
1648195683.475474 sending message 112 to peer 0x1bd2a30 (13 bytes)
1648195683.475475 sending message 112 to peer 0x1bd2a30 (8 bytes)
1648195683.475477 sending message 112 to peer 0x1bd2a30 (13 bytes)
1648195683.475479 sending message 112 to peer 0x1bd2a30 (13 bytes)
1648195683.475481 sending message 112 to peer 0x1bd2a30 (13 bytes)
1648195683.475483 sending message 112 to peer 0x1bd2a30 (13 bytes)
1648195683.475485 sending message 112 to peer 0x1bd2a30 (13 bytes)
1648195683.475487 sending message 112 to peer 0x1bd2a30 (13 bytes)
1648195683.475488 sending message 112 to peer 0x1bd2a30 (13 bytes)
1648195683.475490 sending message 112 to peer 0x1bd2a30 (12 bytes)
1648195683.475492 sending message 112 to peer 0x1bd2a30 (12 bytes)
1648195683.475494 sending message 112 to peer 0x1bd2a30 (12 bytes)
1648195683.475496 sending message 112 to peer 0x1bd2a30 (8 bytes)
1648195683.475497 sending message 112 to peer 0x1bd2a30 (12 bytes)
1648195683.475499 sending message 112 to peer 0x1bd2a30 (13 bytes)
1648195683.475501 sending message 112 to peer 0x1bd2a30 (13 bytes)
1648195683.475503 sending message 112 to peer 0x1bd2a30 (13 bytes)
1648195683.475505 sending message 112 to peer 0x1bd2a30 (13 bytes)
1648195683.475507 sending message 112 to peer 0x1bd2a30 (13 bytes)
1648195683.475509 sending message 112 to peer 0x1bd2a30 (13 bytes)
1648195683.475510 sending message 112 to peer 0x1bd2a30 (13 bytes)
1648195683.475512 sending message 112 to peer 0x1bd2a30 (13 bytes)
1648195683.475514 sending message 112 to peer 0x1bd2a30 (12 bytes)
1648195683.475516 sending message 112 to peer 0x1bd2a30 (10 bytes)
1648195683.475520 sending message 112 to peer 0x1bd2a30 (12 bytes)
1648195683.475521 sending message 112 to peer 0x1bd2a30 (12 bytes)
1648195683.475523 sending message 112 to peer 0x1bd2a30 (12 bytes)
1648195683.475525 sending message 112 to peer 0x1bd2a30 (13 bytes)
1648195683.475527 sending message 112 to peer 0x1bd2a30 (13 bytes)
1648195683.475529 sending message 112 to peer 0x1bd2a30 (13 bytes)
1648195683.475531 sending message 112 to peer 0x1bd2a30 (13 bytes)
1648195683.475533 sending message 112 to peer 0x1bd2a30 (13 bytes)
1648195683.475534 sending message 112 to peer 0x1bd2a30 (13 bytes)
1648195683.475536 sending message 112 to peer 0x1bd2a30 (13 bytes)
1648195683.475538 sending message 112 to peer 0x1bd2a30 (10 bytes)
1648195683.475540 sending message 112 to peer 0x1bd2a30 (13 bytes)
1648195683.475542 sending message 112 to peer 0x1bd2a30 (12 bytes)
1648195683.475543 sending message 112 to peer 0x1bd2a30 (12 bytes)
1648195683.475545 sending message 112 to peer 0x1bd2a30 (12 bytes)
1648195683.475547 sending message 112 to peer 0x1bd2a30 (10 bytes)
1648195683.475549 sending message 112 to peer 0x1bd2a30 (10 bytes)
1648195683.475551 sending message 112 to peer 0x1bd2a30 (10 bytes)
1648195683.475553 sending message 112 to peer 0x1bd2a30 (12 bytes)
1648195683.475554 sending message 112 to peer 0x1bd2a30 (13 bytes)
1648195683.475556 sending message 112 to peer 0x1bd2a30 (13 bytes)
1648195683.475558 sending message 112 to peer 0x1bd2a30 (13 bytes)
1648195683.475560 sending message 112 to peer 0x1bd2a30 (13 bytes)
1648195683.475562 sending message 112 to peer 0x1bd2a30 (13 bytes)
1648195683.475564 sending message 112 to peer 0x1bd2a30 (10 bytes)
1648195683.475565 sending message 112 to peer 0x1bd2a30 (11 bytes)
1648195683.475567 sending message 112 to peer 0x1bd2a30 (12 bytes)
1648195683.475569 sending message 112 to peer 0x1bd2a30 (12 bytes)
1648195683.475571 sending message 112 to peer 0x1bd2a30 (12 bytes)
1648195683.475573 sending message 112 to peer 0x1bd2a30 (12 bytes)
1648195683.475575 sending message 112 to peer 0x1bd2a30 (12 bytes)
1648195683.475576 sending message 112 to peer 0x1bd2a30 (11 bytes)
1648195683.475578 sending message 112 to peer 0x1bd2a30 (12 bytes)
1648195683.475580 sending message 112 to peer 0x1bd2a30 (12 bytes)
1648195683.475582 sending message 112 to peer 0x1bd2a30 (13 bytes)
1648195683.475584 sending message 112 to peer 0x1bd2a30 (13 bytes)
1648195683.475586 sending message 112 to peer 0x1bd2a30 (13 bytes)
1648195683.475587 sending message 112 to peer 0x1bd2a30 (13 bytes)
1648195683.475589 sending message 112 to peer 0x1bd2a30 (13 bytes)
1648195683.475591 sending message 112 to peer 0x1bd2a30 (10 bytes)
1648195683.475593 sending message 112 to peer 0x1bd2a30 (9 bytes)
1648195683.475595 sending message 112 to peer 0x1bd2a30 (12 bytes)
1648195683.475597 sending message 112 to peer 0x1bd2a30 (13 bytes)
1648195683.475599 sending message 112 to peer 0x1bd2a30 (13 bytes)
1648195683.475601 sending message 112 to peer 0x1bd2a30 (13 bytes)
1648195683.475603 sending message 112 to peer 0x1bd2a30 (13 bytes)
1648195683.475605 sending message 112 to peer 0x1bd2a30 (13 bytes)
1648195683.475607 sending message 112 to peer 0x1bd2a30 (9 bytes)
1648195683.475608 sending message 112 to peer 0x1bd2a30 (12 bytes)
1648195683.475610 sending message 112 to peer 0x1bd2a30 (13 bytes)
1648195683.475612 sending message 112 to peer 0x1bd2a30 (13 bytes)
1648195683.475614 sending message 112 to peer 0x1bd2a30 (13 bytes)
1648195683.475616 sending message 112 to peer 0x1bd2a30 (13 bytes)
1648195683.475618 sending message 112 to peer 0x1bd2a30 (13 bytes)
1648195683.475620 sending message 112 to peer 0x1bd2a30 (11 bytes)
1648195683.475622 sending message 112 to peer 0x1bd2a30 (12 bytes)
1648195683.475624 sending message 112 to peer 0x1bd2a30 (13 bytes)
1648195683.475626 sending message 112 to peer 0x1bd2a30 (13 bytes)
1648195683.475628 sending message 112 to peer 0x1bd2a30 (13 bytes)
1648195683.475630 sending message 112 to peer 0x1bd2a30 (13 bytes)
1648195683.475631 sending message 112 to peer 0x1bd2a30 (13 bytes)
1648195683.475635 sending message 112 to peer 0x1bd2a30 (11 bytes)
1648195683.475637 sending message 112 to peer 0x1bd2a30 (12 bytes)
1648195683.475639 sending message 112 to peer 0x1bd2a30 (12 bytes)
1648195683.475641 sending message 112 to peer 0x1bd2a30 (12 bytes)
1648195683.475643 sending message 112 to peer 0x1bd2a30 (12 bytes)
1648195683.475644 sending message 112 to peer 0x1bd2a30 (12 bytes)
1648195683.475646 sending message 112 to peer 0x1bd2a30 (21 bytes)
1648195683.475648 sending message 112 to peer 0x1bd2a30 (12 bytes)
1648195683.475650 sending message 112 to peer 0x1bd2a30 (9 bytes)
1648195683.475652 sending message 112 to peer 0x1bd2a30 (6 bytes)
1648195683.475654 sending message 112 to peer 0x1bd2a30 (13 bytes)
1648195683.475656 sending message 112 to peer 0x1bd2a30 (10 bytes)
1648195683.475657 sending message 112 to peer 0x1bd2a30 (24 bytes)
1648195683.475660 sending message 112 to peer 0x1bd2a30 (13 bytes)
1648195683.475661 sending message 112 to peer 0x1bd2a30 (9 bytes)
1648195683.475663 sending message 112 to peer 0x1bd2a30 (70 bytes)
1648195683.475665 sending message 112 to peer 0x1bd2a30 (69 bytes)
1648195683.475667 sending message 112 to peer 0x1bd2a30 (12 bytes)
1648195683.475669 sending message 112 to peer 0x1bd2a30 (10 bytes)
1648195683.475671 sending message 112 to peer 0x1bd2a30 (10 bytes)
1648195683.475673 sending message 112 to peer 0x1bd2a30 (24 bytes)
1648195683.475675 sending message 112 to peer 0x1bd2a30 (13 bytes)
1648195683.475676 sending message 112 to peer 0x1bd2a30 (10 bytes)
1648195683.475678 sending message 112 to peer 0x1bd2a30 (10 bytes)
1648195683.475680 sending message 112 to peer 0x1bd2a30 (10 bytes)
1648195683.475682 sending message 112 to peer 0x1bd2a30 (13 bytes)
1648195683.475684 sending message 112 to peer 0x1bd2a30 (15 bytes)
1648195683.475685 sending message 112 to peer 0x1bd2a30 (5 bytes)
1648195683.475688 sending message 104 to peer 0x1bd2a30 (0 bytes)
1648195683.475690 sending message 110 to peer 0x1bd2a30 (0 bytes)
1648195683.475692 sending message 107 to peer 0x1bd2a30 (4 bytes)
1648195683.475694 sending message 105 to peer 0x1bd2a30 (16 bytes)
1648195683.475696 sending message 105 to peer 0x1bd2a30 (13 bytes)
1648195683.475698 sending message 105 to peer 0x1bd2a30 (1625 bytes)
1648195683.475705 sending message 105 to peer 0x1bd2a30 (20 bytes)
1648195683.475707 sending message 105 to peer 0x1bd2a30 (33 bytes)
1648195683.475709 sending message 105 to peer 0x1bd2a30 (48 bytes)
1648195683.475711 sending message 105 to peer 0x1bd2a30 (53 bytes)
1648195683.475713 sending message 105 to peer 0x1bd2a30 (34 bytes)
1648195683.475715 sending message 105 to peer 0x1bd2a30 (21 bytes)
1648195683.475717 sending message 105 to peer 0x1bd2a30 (19 bytes)
1648195683.475718 sending message 105 to peer 0x1bd2a30 (13 bytes)
1648195683.475720 sending message 105 to peer 0x1bd2a30 (16 bytes)
1648195683.475722 sending message 105 to peer 0x1bd2a30 (19 bytes)
1648195683.475724 sending message 105 to peer 0x1bd2a30 (29 bytes)
1648195683.475726 sending message 105 to peer 0x1bd2a30 (8 bytes)
1648195683.475728 sending message 105 to peer 0x1bd2a30 (40 bytes)
1648195683.475730 sending message 105 to peer 0x1bd2a30 (21 bytes)
1648195683.475732 sending message 105 to peer 0x1bd2a30 (25 bytes)
1648195683.475734 sending message 105 to peer 0x1bd2a30 (113 bytes)
1648195683.475736 sending message 105 to peer 0x1bd2a30 (152 bytes)
1648195683.475738 sending message 105 to peer 0x1bd2a30 (70 bytes)
1648195683.475739 sending message 105 to peer 0x1bd2a30 (53 bytes)
1648195683.475741 sending message 105 to peer 0x1bd2a30 (29 bytes)
1648195683.475743 sending message 105 to peer 0x1bd2a30 (20 bytes)
1648195683.475745 sending message 105 to peer 0x1bd2a30 (11 bytes)
1648195683.475747 sending message 105 to peer 0x1bd2a30 (8 bytes)
1648195683.475749 sending message 105 to peer 0x1bd2a30 (32 bytes)
1648195683.475751 sending message 105 to peer 0x1bd2a30 (1506 bytes)
1648195683.475753 sending message 105 to peer 0x1bd2a30 (19 bytes)
1648195683.475755 sending message 105 to peer 0x1bd2a30 (38 bytes)
1648195683.475759 sending message 105 to peer 0x1bd2a30 (38 bytes)
1648195683.475761 sending message 106 to peer 0x1bd2a30 (0 bytes)
1648195683.475765 sending message 200 to peer 0x1bd2a30 (4 bytes)
1648195683.475767 client loop enter
1648195683.478399 peer 0x1bd2a30 message 207
1648195683.478409 sending message 208 to peer 0x1bd2a30 (0 bytes)
1648195685.733696 peer 0x1bd2a30 message 203
1648195685.733706 sending message 205 to peer 0x1bd2a30 (0 bytes)
1648195685.733985 peer 0x1bd2a30 message 204
1648195685.733992 client loop exit
